c:\users\abc\onedrive\desktop\oop\oop\x64\debug\vc143.pdb
c:\users\abc\onedrive\desktop\oop\oop\x64\debug\vc143.idb
c:\users\abc\onedrive\desktop\oop\oop\x64\debug\l9.obj
c:\users\abc\onedrive\desktop\oop\oop\x64\debug\l8.obj
c:\users\abc\onedrive\desktop\oop\oop\x64\debug\l7_square_imp.obj
c:\users\abc\onedrive\desktop\oop\oop\x64\debug\l7_sphere_imp.obj
c:\users\abc\onedrive\desktop\oop\oop\x64\debug\l7_shape_imp.obj
c:\users\abc\onedrive\desktop\oop\oop\x64\debug\l7_shape3d_imp.obj
c:\users\abc\onedrive\desktop\oop\oop\x64\debug\l7_shape2d_imp.obj
c:\users\abc\onedrive\desktop\oop\oop\x64\debug\l7_cube_imp.obj
c:\users\abc\onedrive\desktop\oop\oop\x64\debug\l7_circle_imp.obj
c:\users\abc\onedrive\desktop\oop\oop\x64\debug\l7imp.obj
c:\users\abc\onedrive\desktop\oop\oop\x64\debug\l7.obj
c:\users\abc\onedrive\desktop\oop\oop\x64\debug\l6.obj
c:\users\abc\onedrive\desktop\oop\oop\x64\debug\l5.obj
c:\users\abc\onedrive\desktop\oop\oop\x64\debug\l4imp.obj
c:\users\abc\onedrive\desktop\oop\oop\x64\debug\l4.obj
c:\users\abc\onedrive\desktop\oop\oop\x64\debug\l3.obj
c:\users\abc\onedrive\desktop\oop\oop\x64\debug\l2.obj
c:\users\abc\onedrive\desktop\oop\oop\x64\debug\l10.obj
c:\users\abc\onedrive\desktop\oop\oop\x64\debug\l1.obj
c:\users\abc\onedrive\desktop\oop\oop\x64\debug\l0.obj
c:\users\abc\onedrive\desktop\oop\x64\debug\oop.pdb
c:\users\abc\onedrive\desktop\oop\oop\x64\debug\oop.tlog\cl.command.1.tlog
c:\users\abc\onedrive\desktop\oop\oop\x64\debug\oop.tlog\cl.read.1.tlog
c:\users\abc\onedrive\desktop\oop\oop\x64\debug\oop.tlog\cl.write.1.tlog
c:\users\abc\onedrive\desktop\oop\oop\x64\debug\oop.tlog\link-cvtres.read.1.tlog
c:\users\abc\onedrive\desktop\oop\oop\x64\debug\oop.tlog\link-cvtres.write.1.tlog
c:\users\abc\onedrive\desktop\oop\oop\x64\debug\oop.tlog\link-rc.read.1.tlog
c:\users\abc\onedrive\desktop\oop\oop\x64\debug\oop.tlog\link-rc.write.1.tlog
c:\users\abc\onedrive\desktop\oop\oop\x64\debug\oop.tlog\link.command.1.tlog
c:\users\abc\onedrive\desktop\oop\oop\x64\debug\oop.tlog\link.read.1.tlog
c:\users\abc\onedrive\desktop\oop\oop\x64\debug\oop.tlog\link.read.2.tlog
c:\users\abc\onedrive\desktop\oop\oop\x64\debug\oop.tlog\link.write.1.tlog
